<?xml version="1.0" encoding="UTF-8"?>
<!-- Generated by org.testng.reporters.JUnitReportReporter -->
<testsuite hostname="Hithesh-HPLaptop" failures="0" tests="1" name="com.naukri.testscript.Naukri" time="11.696" errors="0" timestamp="2022-12-28T00:10:04 IST" skipped="0">
  <testcase classname="com.naukri.testscript.Naukri" name="Test" time="11.696"/>
  <system-out/>
</testsuite> <!-- com.naukri.testscript.Naukri -->
