<?xml version="1.0" encoding="UTF-8"?>
<!-- Generated by org.testng.reporters.JUnitReportReporter -->
<testsuite hostname="Hithesh-HPLaptop" failures="0" tests="1" name="com.naukri.testscript.Naukri" time="15.489" errors="0" timestamp="2023-01-07T00:00:46 IST" skipped="0">
  <testcase classname="com.naukri.testscript.Naukri" name="Test" time="15.489"/>
  <system-out/>
</testsuite> <!-- com.naukri.testscript.Naukri -->
